This file contains any messages produced by compilers while
running configure, to aid debugging if configure makes a mistake.

It was created by 42sh configure 0.0.1, which was
generated by GNU Autoconf 2.69.  Invocation command line was

  $ ./configure clean

## --------- ##
## Platform. ##
## --------- ##

hostname = chemla-VirtualBox
uname -m = x86_64
uname -r = 4.15.0-39-generic
uname -s = Linux
uname -v = #42~16.04.1-Ubuntu SMP Wed Oct 24 17:09:54 UTC 2018

/usr/bin/uname -p = unknown
/bin/uname -X     = unknown

/bin/arch              = unknown
/usr/bin/arch -k       = unknown
/usr/convex/getsysinfo = unknown
/usr/bin/hostinfo      = unknown
/bin/machine           = unknown
/usr/bin/oslevel       = unknown
/bin/universe          = unknown

PATH: /home/chemla/bin
PATH: /home/chemla/.local/bin
PATH: /usr/local/sbin
PATH: /usr/local/bin
PATH: /usr/sbin
PATH: /usr/bin
PATH: /sbin
PATH: /bin
PATH: /usr/games
PATH: /usr/local/games
PATH: /snap/bin


## ----------- ##
## Core tests. ##
## ----------- ##

configure:1803: checking for clean-gcc
configure:1833: result: no
configure:1843: checking for gcc
configure:1859: found /usr/bin/gcc
configure:1870: result: gcc
configure:2099: checking for C compiler version
configure:2108: gcc --version >&5
gcc (Ubuntu 5.4.0-6ubuntu1~16.04.10) 5.4.0 20160609
Copyright (C) 2015 Free Software Foundation, Inc.
This is free software; see the source for copying conditions.  There is NO
warranty; not even for MERCHANTABILITY or FITNESS FOR A PARTICULAR PURPOSE.

configure:2119: $? = 0
configure:2108: gcc -v >&5
Using built-in specs.
COLLECT_GCC=gcc
COLLECT_LTO_WRAPPER=/usr/lib/gcc/x86_64-linux-gnu/5/lto-wrapper
Target: x86_64-linux-gnu
Configured with: ../src/configure -v --with-pkgversion='Ubuntu 5.4.0-6ubuntu1~16.04.10' --with-bugurl=file:///usr/share/doc/gcc-5/README.Bugs --enable-languages=c,ada,c++,java,go,d,fortran,objc,obj-c++ --prefix=/usr --program-suffix=-5 --enable-shared --enable-linker-build-id --libexecdir=/usr/lib --without-included-gettext --enable-threads=posix --libdir=/usr/lib --enable-nls --with-sysroot=/ --enable-clocale=gnu --enable-libstdcxx-debug --enable-libstdcxx-time=yes --with-default-libstdcxx-abi=new --enable-gnu-unique-object --disable-vtable-verify --enable-libmpx --enable-plugin --with-system-zlib --disable-browser-plugin --enable-java-awt=gtk --enable-gtk-cairo --with-java-home=/usr/lib/jvm/java-1.5.0-gcj-5-amd64/jre --enable-java-home --with-jvm-root-dir=/usr/lib/jvm/java-1.5.0-gcj-5-amd64 --with-jvm-jar-dir=/usr/lib/jvm-exports/java-1.5.0-gcj-5-amd64 --with-arch-directory=amd64 --with-ecj-jar=/usr/share/java/eclipse-ecj.jar --enable-objc-gc --enable-multiarch --disable-werror --with-arch-32=i686 --with-abi=m64 --with-multilib-list=m32,m64,mx32 --enable-multilib --with-tune=generic --enable-checking=release --build=x86_64-linux-gnu --host=x86_64-linux-gnu --target=x86_64-linux-gnu
Thread model: posix
gcc version 5.4.0 20160609 (Ubuntu 5.4.0-6ubuntu1~16.04.10) 
configure:2119: $? = 0
configure:2108: gcc -V >&5
gcc: error: unrecognized command line option '-V'
gcc: fatal error: no input files
compilation terminated.
configure:2119: $? = 1
configure:2108: gcc -qversion >&5
gcc: error: unrecognized command line option '-qversion'
gcc: fatal error: no input files
compilation terminated.
configure:2119: $? = 1
configure:2139: checking whether the C compiler works
configure:2161: gcc    conftest.c  >&5
configure:2165: $? = 0
configure:2213: result: yes
configure:2216: checking for C compiler default output file name
configure:2218: result: a.out
configure:2224: checking for suffix of executables
configure:2231: gcc -o conftest    conftest.c  >&5
configure:2235: $? = 0
configure:2257: result: 
configure:2279: checking whether we are cross compiling
configure:2287: gcc -o conftest    conftest.c  >&5
configure:2291: $? = 0
configure:2298: ./conftest
configure:2302: $? = 0
configure:2317: result: no
configure:2322: checking for suffix of object files
configure:2344: gcc -c   conftest.c >&5
configure:2348: $? = 0
configure:2369: result: o
configure:2373: checking whether we are using the GNU C compiler
configure:2392: gcc -c   conftest.c >&5
configure:2392: $? = 0
configure:2401: result: yes
configure:2410: checking whether gcc accepts -g
configure:2430: gcc -c -g  conftest.c >&5
configure:2430: $? = 0
configure:2471: result: yes
configure:2488: checking for gcc option to accept ISO C89
configure:2551: gcc  -c -g -O2  conftest.c >&5
configure:2551: $? = 0
configure:2564: result: none needed
configure:2621: checking whether gcc understands -c and -o together
configure:2643: gcc -c conftest.c -o conftest2.o
configure:2646: $? = 0
configure:2643: gcc -c conftest.c -o conftest2.o
configure:2646: $? = 0
configure:2658: result: yes
configure:2691: checking for a BSD-compatible install
configure:2759: result: /usr/bin/install -c
configure:2770: checking whether build environment is sane
configure:2825: result: yes
configure:2973: checking for a thread-safe mkdir -p
configure:3012: result: /bin/mkdir -p
configure:3019: checking for gawk
configure:3049: result: no
configure:3019: checking for mawk
configure:3035: found /usr/bin/mawk
configure:3046: result: mawk
configure:3057: checking whether make sets $(MAKE)
configure:3079: result: yes
configure:3109: checking for style of include used by make
configure:3137: result: GNU
configure:3171: checking whether make supports nested variables
configure:3188: result: yes
configure:3273: checking dependency style of gcc
configure:3384: result: gcc3
configure:3599: checking that generated files are newer than configure
configure:3605: result: done
configure:3628: creating ./config.status

## ---------------------- ##
## Running config.status. ##
## ---------------------- ##

This file was extended by 42sh config.status 0.0.1, which was
generated by GNU Autoconf 2.69.  Invocation command line was

  CONFIG_FILES    = 
  CONFIG_HEADERS  = 
  CONFIG_LINKS    = 
  CONFIG_COMMANDS = 
  $ ./config.status 

on chemla-VirtualBox

config.status:773: creating Makefile
config.status:945: executing depfiles commands

## ---------------- ##
## Cache variables. ##
## ---------------- ##

ac_cv_c_compiler_gnu=yes
ac_cv_env_CC_set=
ac_cv_env_CC_value=
ac_cv_env_CFLAGS_set=
ac_cv_env_CFLAGS_value=
ac_cv_env_CPPFLAGS_set=
ac_cv_env_CPPFLAGS_value=
ac_cv_env_LDFLAGS_set=
ac_cv_env_LDFLAGS_value=
ac_cv_env_LIBS_set=
ac_cv_env_LIBS_value=
ac_cv_env_build_alias_set=set
ac_cv_env_build_alias_value=clean
ac_cv_env_host_alias_set=set
ac_cv_env_host_alias_value=clean
ac_cv_env_target_alias_set=set
ac_cv_env_target_alias_value=clean
ac_cv_objext=o
ac_cv_path_install='/usr/bin/install -c'
ac_cv_path_mkdir=/bin/mkdir
ac_cv_prog_AWK=mawk
ac_cv_prog_ac_ct_CC=gcc
ac_cv_prog_cc_c89=
ac_cv_prog_cc_g=yes
ac_cv_prog_make_make_set=yes
am_cv_CC_dependencies_compiler_type=gcc3
am_cv_make_support_nested_variables=yes
am_cv_prog_cc_c_o=yes

## ----------------- ##
## Output variables. ##
## ----------------- ##

ACLOCAL='${SHELL} /home/chemla/Documents/thomas.gossin-42sh/build/missing aclocal-1.15'
AMDEPBACKSLASH='\'
AMDEP_FALSE='#'
AMDEP_TRUE=''
AMTAR='$${TAR-tar}'
AM_BACKSLASH='\'
AM_DEFAULT_V='$(AM_DEFAULT_VERBOSITY)'
AM_DEFAULT_VERBOSITY='1'
AM_V='$(V)'
AUTOCONF='${SHELL} /home/chemla/Documents/thomas.gossin-42sh/build/missing autoconf'
AUTOHEADER='${SHELL} /home/chemla/Documents/thomas.gossin-42sh/build/missing autoheader'
AUTOMAKE='${SHELL} /home/chemla/Documents/thomas.gossin-42sh/build/missing automake-1.15'
AWK='mawk'
CC='gcc'
CCDEPMODE='depmode=gcc3'
CFLAGS='-g -O2'
CPPFLAGS=''
CYGPATH_W='echo'
DEFS='-DPACKAGE_NAME=\"42sh\" -DPACKAGE_TARNAME=\"42sh\" -DPACKAGE_VERSION=\"0.0.1\" -DPACKAGE_STRING=\"42sh\ 0.0.1\" -DPACKAGE_BUGREPORT=\"\" -DPACKAGE_URL=\"\" -DPACKAGE=\"42sh\" -DVERSION=\"0.0.1\"'
DEPDIR='.deps'
ECHO_C=''
ECHO_N='-n'
ECHO_T=''
EXEEXT=''
INSTALL_DATA='${INSTALL} -m 644'
INSTALL_PROGRAM='${INSTALL}'
INSTALL_SCRIPT='${INSTALL}'
INSTALL_STRIP_PROGRAM='$(install_sh) -c -s'
LDFLAGS=''
LIBOBJS=''
LIBS=''
LTLIBOBJS=''
MAKEINFO='${SHELL} /home/chemla/Documents/thomas.gossin-42sh/build/missing makeinfo'
MKDIR_P='/bin/mkdir -p'
OBJEXT='o'
PACKAGE='42sh'
PACKAGE_BUGREPORT=''
PACKAGE_NAME='42sh'
PACKAGE_STRING='42sh 0.0.1'
PACKAGE_TARNAME='42sh'
PACKAGE_URL=''
PACKAGE_VERSION='0.0.1'
PATH_SEPARATOR=':'
SET_MAKE=''
SHELL='/bin/bash'
STRIP=''
VERSION='0.0.1'
ac_ct_CC='gcc'
am__EXEEXT_FALSE=''
am__EXEEXT_TRUE='#'
am__fastdepCC_FALSE='#'
am__fastdepCC_TRUE=''
am__include='include'
am__isrc=''
am__leading_dot='.'
am__nodep='_no'
am__quote=''
am__tar='$${TAR-tar} chof - "$$tardir"'
am__untar='$${TAR-tar} xf -'
bindir='${exec_prefix}/bin'
build_alias='clean'
datadir='${datarootdir}'
datarootdir='${prefix}/share'
docdir='${datarootdir}/doc/${PACKAGE_TARNAME}'
dvidir='${docdir}'
exec_prefix='${prefix}'
host_alias='clean'
htmldir='${docdir}'
includedir='${prefix}/include'
infodir='${datarootdir}/info'
install_sh='${SHELL} /home/chemla/Documents/thomas.gossin-42sh/build/install-sh'
libdir='${exec_prefix}/lib'
libexecdir='${exec_prefix}/libexec'
localedir='${datarootdir}/locale'
localstatedir='${prefix}/var'
mandir='${datarootdir}/man'
mkdir_p='$(MKDIR_P)'
oldincludedir='/usr/include'
pdfdir='${docdir}'
prefix='/usr/local'
program_transform_name='s,x,x,'
psdir='${docdir}'
runstatedir='${localstatedir}/run'
sbindir='${exec_prefix}/sbin'
sharedstatedir='${prefix}/com'
sysconfdir='${prefix}/etc'
target_alias='clean'

## ----------- ##
## confdefs.h. ##
## ----------- ##

/* confdefs.h */
#define PACKAGE_NAME "42sh"
#define PACKAGE_TARNAME "42sh"
#define PACKAGE_VERSION "0.0.1"
#define PACKAGE_STRING "42sh 0.0.1"
#define PACKAGE_BUGREPORT ""
#define PACKAGE_URL ""
#define PACKAGE "42sh"
#define VERSION "0.0.1"

configure: exit 0
